<?xml version="1.0" encoding="UTF-8"?>
<testng-results ignored="0" total="2" passed="2" failed="0" skipped="0">
  <reporter-output>
  </reporter-output>
  <suite started-at="2021-03-31T18:59:31 EDT" name="Websites Testing" finished-at="2021-03-31T18:59:37 EDT" duration-ms="6816">
    <groups>
    </groups>
    <test started-at="2021-03-31T18:59:31 EDT" name="parallel test" finished-at="2021-03-31T18:59:37 EDT" duration-ms="6816">
      <class name="testNGExample.TestNgExample2">
        <test-method signature="openGoogle()[pri:0, instance:testNGExample.TestNgExample2@5c90e579]" started-at="2021-03-31T18:59:31 EDT" name="openGoogle" finished-at="2021-03-31T18:59:37 EDT" duration-ms="6757" status="PASS">
          <reporter-output>
          </reporter-output>
        </test-method> <!-- openGoogle -->
        <test-method signature="openBing()[pri:0, instance:testNGExample.TestNgExample2@5c90e579]" started-at="2021-03-31T18:59:31 EDT" name="openBing" finished-at="2021-03-31T18:59:35 EDT" duration-ms="4770" status="PASS">
          <reporter-output>
          </reporter-output>
        </test-method> <!-- openBing -->
      </class> <!-- testNGExample.TestNgExample2 -->
    </test> <!-- parallel test -->
  </suite> <!-- Websites Testing -->
</testng-results>
